# yersinia v0.7.3 started in ukpfcs5025.eu.hedani.net on Mon Nov 24 13:50:05 2014

Network Interface en0

 en0 iflinkname EN10MB
 en0 iflinkdesc Ethernet
 en0 MAC = 0000.aabe.17ef
Network Interface fw0
Network Interface bridge0

 bridge0 iflinkname EN10MB
 bridge0 iflinkdesc Ethernet
 bridge0 MAC = 6a5b.354d.a600
Network Interface en2

 en2 iflinkname EN10MB
 en2 iflinkdesc Ethernet
 en2 MAC = d200.1f25.28a0
Network Interface lo0
Network Interface en1

 en1 iflinkname EN10MB
 en1 iflinkdesc Ethernet
 en1 MAC = b034.95f1.a7ec
Network Interface gif0
Network Interface stf0
Network Interface p2p0

 th_uptime thread = 52879360

 th_tty_peer thread = 53415936...
 en0 libnet_handler 8BC03CA0
Entering command line mode...
 attack_launch: 53415936 Attack thread 4348919808 is born!!

 dtp_helper: 54489088 init...

 thread_destroy 53415936 destroying 53952512...
 attack_th_exit -> attack_th.stop=1   attack_th.id=53952512....
 attack_th_exit: 53952512 thread_destroy helper 54489088...

 thread_destroy 53952512 destroying 54489088...
 dtp_helper: 54489088 finished...
 thread_destroy 53952512 after PTHREAD_JOIN 54489088...
 attack_th_exit: 53952512 finished
 thread_destroy 53415936 after PTHREAD_JOIN 53952512...

 th_tty_peer 53415936 finished...
 g00dbye function called from 1940755216

 ints_destroy started...
 ints_destroy killing pcap_listener(52342784)...

 thread_destroy 1940755216 destroying 52342784...
 thread_destroy 1940755216 after PTHREAD_JOIN 52342784...
 ints_destroy finished...
 Showing MOTD..
# yersinia finished on Mon Nov 24 13:53:58 2014

# yersinia v0.7.3 started in kant on Wed Dec  3 11:45:14 2014

Network Interface fw0
Network Interface en0

 en0 iflinkname EN10MB
 en0 iflinkdesc Ethernet
 en0 MAC = 685b.35d4.bb1d
Network Interface bridge0

 bridge0 iflinkname EN10MB
 bridge0 iflinkdesc Ethernet
 bridge0 MAC = b234.951f.9600
Network Interface p2p0
Network Interface en1

 en1 iflinkname EN10MB
 en1 iflinkdesc Ethernet
 en1 MAC = b034.95f1.a7ec
Network Interface en2

 en2 iflinkname EN10MB
 en2 iflinkdesc Ethernet
 en2 MAC = d200.1f25.28a0
Network Interface lo0
Network Interface gif0
Network Interface stf0

 th_tty_peer thread = 164765696...

 th_uptime thread = 164229120
 en0 libnet_handler F8F00F00
Entering command line mode...
 attack_launch: 164765696 Attack thread 4460269568 is born!!

 thread_destroy 164765696 destroying 165302272...
 attack_th_exit -> attack_th.stop=1   attack_th.id=165302272....

 dtp_helper: 165838848 init...
 attack_th_exit: 165302272 thread_destroy helper 165838848...

 thread_destroy 165302272 destroying 165838848...
 dtp_helper: 165838848 finished...
 thread_destroy 165302272 after PTHREAD_JOIN 165838848...
 attack_th_exit: 165302272 finished
 thread_destroy 164765696 after PTHREAD_JOIN 165302272...

 th_tty_peer 164765696 finished...
 g00dbye function called from 2043585296

 ints_destroy started...
 ints_destroy killing pcap_listener(163692544)...

 thread_destroy 2043585296 destroying 163692544...
 thread_destroy 2043585296 after PTHREAD_JOIN 163692544...
 ints_destroy finished...
 Showing MOTD..
# yersinia finished on Wed Dec  3 11:45:17 2014

